<?xml version="1.0" encoding="UTF-8"?>
<!-- Generated by org.testng.reporters.JUnitXMLReporter -->
<testsuite ignored="8" hostname="DESKTOP-ELL961H" failures="0" tests="5" name="Test" time="132.004" errors="0" timestamp="2023-02-12T15:41:22 IST">
  <testcase classname="testCases.TC_03_Industrytype" name="selectIndusrtytype" time="17.462"/>
  <testcase classname="testCases.Tc_02_Organization" name="newOrganization" time="15.066"/>
  <testcase classname="testCases.TC_05" name="selectOrgName" time="15.822"/>
  <testcase classname="testCases.TC_04" name="select_Industry_AccType" time="15.129"/>
  <testcase classname="testCases.TC_01_Contacts" name="newContact" time="14.873"/>
  <testcase classname="baseclass.BaseTest" name="@BeforeSuite dbOpen" time="0.0">
    <ignored/>
  </testcase> <!-- @BeforeSuite dbOpen -->
  <testcase classname="baseclass.BaseTest" name="@BeforeSuite dbOpen" time="0.0">
    <ignored/>
  </testcase> <!-- @BeforeSuite dbOpen -->
  <testcase classname="baseclass.BaseTest" name="@BeforeSuite dbOpen" time="0.0">
    <ignored/>
  </testcase> <!-- @BeforeSuite dbOpen -->
  <testcase classname="baseclass.BaseTest" name="@BeforeSuite dbOpen" time="0.0">
    <ignored/>
  </testcase> <!-- @BeforeSuite dbOpen -->
  <testcase classname="baseclass.BaseTest" name="@AfterSuite dbClose" time="0.0">
    <ignored/>
  </testcase> <!-- @AfterSuite dbClose -->
  <testcase classname="baseclass.BaseTest" name="@AfterSuite dbClose" time="0.0">
    <ignored/>
  </testcase> <!-- @AfterSuite dbClose -->
  <testcase classname="baseclass.BaseTest" name="@AfterSuite dbClose" time="0.0">
    <ignored/>
  </testcase> <!-- @AfterSuite dbClose -->
  <testcase classname="baseclass.BaseTest" name="@AfterSuite dbClose" time="0.0">
    <ignored/>
  </testcase> <!-- @AfterSuite dbClose -->
</testsuite> <!-- Test -->
