<?xml version="1.0" encoding="UTF-8"?>
<testng-results ignored="8" total="13" passed="5" failed="0" skipped="0">
  <reporter-output>
  </reporter-output>
  <suite started-at="2023-02-12T15:39:09 IST" name="Suite" finished-at="2023-02-12T15:41:21 IST" duration-ms="132004">
    <groups>
    </groups>
    <test started-at="2023-02-12T15:39:09 IST" name="Test" finished-at="2023-02-12T15:41:21 IST" duration-ms="132004">
      <class name="testCases.TC_04">
        <test-method is-config="true" signature="launchBrowser()[pri:0, instance:testCases.TC_04@2d7275fc]" started-at="2023-02-12T15:40:31 IST" name="launchBrowser" finished-at="2023-02-12T15:40:34 IST" duration-ms="3132" status="PASS">
          <reporter-output>
          </reporter-output>
        </test-method> <!-- launchBrowser -->
        <test-method is-config="true" signature="loginApp()[pri:0, instance:testCases.TC_04@2d7275fc]" started-at="2023-02-12T15:40:34 IST" name="loginApp" finished-at="2023-02-12T15:40:38 IST" duration-ms="4235" status="PASS">
          <reporter-output>
          </reporter-output>
        </test-method> <!-- loginApp -->
        <test-method signature="select_Industry_AccType()[pri:0, instance:testCases.TC_04@2d7275fc]" started-at="2023-02-12T15:40:38 IST" name="select_Industry_AccType" finished-at="2023-02-12T15:40:53 IST" duration-ms="15129" status="PASS">
          <reporter-output>
          </reporter-output>
        </test-method> <!-- select_Industry_AccType -->
        <test-method is-config="true" signature="logOut()[pri:0, instance:testCases.TC_04@2d7275fc]" started-at="2023-02-12T15:40:53 IST" name="logOut" finished-at="2023-02-12T15:40:56 IST" duration-ms="2748" status="PASS">
          <reporter-output>
          </reporter-output>
        </test-method> <!-- logOut -->
        <test-method is-config="true" signature="closeBroewser()[pri:0, instance:testCases.TC_04@2d7275fc]" started-at="2023-02-12T15:40:56 IST" name="closeBroewser" finished-at="2023-02-12T15:40:56 IST" duration-ms="323" status="PASS">
          <reporter-output>
          </reporter-output>
        </test-method> <!-- closeBroewser -->
      </class> <!-- testCases.TC_04 -->
      <class name="testCases.TC_03_Industrytype">
        <test-method is-config="true" signature="dbOpen()[pri:0, instance:testCases.TC_03_Industrytype@515aebb0]" started-at="2023-02-12T15:39:09 IST" name="dbOpen" finished-at="2023-02-12T15:39:09 IST" duration-ms="10" status="PASS">
          <reporter-output>
          </reporter-output>
        </test-method> <!-- dbOpen -->
        <test-method is-config="true" signature="launchBrowser()[pri:0, instance:testCases.TC_03_Industrytype@515aebb0]" started-at="2023-02-12T15:39:09 IST" name="launchBrowser" finished-at="2023-02-12T15:39:14 IST" duration-ms="5214" status="PASS">
          <reporter-output>
          </reporter-output>
        </test-method> <!-- launchBrowser -->
        <test-method is-config="true" signature="loginApp()[pri:0, instance:testCases.TC_03_Industrytype@515aebb0]" started-at="2023-02-12T15:39:14 IST" name="loginApp" finished-at="2023-02-12T15:39:18 IST" duration-ms="4405" status="PASS">
          <reporter-output>
          </reporter-output>
        </test-method> <!-- loginApp -->
        <test-method signature="selectIndusrtytype()[pri:0, instance:testCases.TC_03_Industrytype@515aebb0]" started-at="2023-02-12T15:39:18 IST" name="selectIndusrtytype" finished-at="2023-02-12T15:39:36 IST" duration-ms="17462" status="PASS">
          <reporter-output>
          </reporter-output>
        </test-method> <!-- selectIndusrtytype -->
        <test-method is-config="true" signature="logOut()[pri:0, instance:testCases.TC_03_Industrytype@515aebb0]" started-at="2023-02-12T15:39:36 IST" name="logOut" finished-at="2023-02-12T15:39:38 IST" duration-ms="2264" status="PASS">
          <reporter-output>
          </reporter-output>
        </test-method> <!-- logOut -->
        <test-method is-config="true" signature="closeBroewser()[pri:0, instance:testCases.TC_03_Industrytype@515aebb0]" started-at="2023-02-12T15:39:38 IST" name="closeBroewser" finished-at="2023-02-12T15:39:39 IST" duration-ms="441" status="PASS">
          <reporter-output>
          </reporter-output>
        </test-method> <!-- closeBroewser -->
        <test-method is-config="true" signature="dbClose()[pri:0, instance:testCases.TC_03_Industrytype@515aebb0]" started-at="2023-02-12T15:41:22 IST" name="dbClose" finished-at="2023-02-12T15:41:22 IST" duration-ms="1" status="PASS">
          <reporter-output>
          </reporter-output>
        </test-method> <!-- dbClose -->
      </class> <!-- testCases.TC_03_Industrytype -->
      <class name="testCases.TC_01_Contacts">
        <test-method is-config="true" signature="launchBrowser()[pri:0, instance:testCases.TC_01_Contacts@38c6f217]" started-at="2023-02-12T15:40:56 IST" name="launchBrowser" finished-at="2023-02-12T15:40:59 IST" duration-ms="2992" status="PASS">
          <reporter-output>
          </reporter-output>
        </test-method> <!-- launchBrowser -->
        <test-method is-config="true" signature="loginApp()[pri:0, instance:testCases.TC_01_Contacts@38c6f217]" started-at="2023-02-12T15:40:59 IST" name="loginApp" finished-at="2023-02-12T15:41:03 IST" duration-ms="3894" status="PASS">
          <reporter-output>
          </reporter-output>
        </test-method> <!-- loginApp -->
        <test-method signature="newContact()[pri:0, instance:testCases.TC_01_Contacts@38c6f217]" started-at="2023-02-12T15:41:03 IST" name="newContact" finished-at="2023-02-12T15:41:18 IST" duration-ms="14873" status="PASS">
          <reporter-output>
          </reporter-output>
        </test-method> <!-- newContact -->
        <test-method is-config="true" signature="logOut()[pri:0, instance:testCases.TC_01_Contacts@38c6f217]" started-at="2023-02-12T15:41:18 IST" name="logOut" finished-at="2023-02-12T15:41:20 IST" duration-ms="2362" status="PASS">
          <reporter-output>
          </reporter-output>
        </test-method> <!-- logOut -->
        <test-method is-config="true" signature="closeBroewser()[pri:0, instance:testCases.TC_01_Contacts@38c6f217]" started-at="2023-02-12T15:41:20 IST" name="closeBroewser" finished-at="2023-02-12T15:41:21 IST" duration-ms="304" status="PASS">
          <reporter-output>
          </reporter-output>
        </test-method> <!-- closeBroewser -->
      </class> <!-- testCases.TC_01_Contacts -->
      <class name="testCases.Tc_02_Organization">
        <test-method is-config="true" signature="launchBrowser()[pri:0, instance:testCases.Tc_02_Organization@595b007d]" started-at="2023-02-12T15:39:39 IST" name="launchBrowser" finished-at="2023-02-12T15:39:42 IST" duration-ms="2992" status="PASS">
          <reporter-output>
          </reporter-output>
        </test-method> <!-- launchBrowser -->
        <test-method is-config="true" signature="loginApp()[pri:0, instance:testCases.Tc_02_Organization@595b007d]" started-at="2023-02-12T15:39:42 IST" name="loginApp" finished-at="2023-02-12T15:39:47 IST" duration-ms="5107" status="PASS">
          <reporter-output>
          </reporter-output>
        </test-method> <!-- loginApp -->
        <test-method signature="newOrganization()[pri:0, instance:testCases.Tc_02_Organization@595b007d]" started-at="2023-02-12T15:39:47 IST" name="newOrganization" finished-at="2023-02-12T15:40:02 IST" duration-ms="15066" status="PASS">
          <reporter-output>
          </reporter-output>
        </test-method> <!-- newOrganization -->
        <test-method is-config="true" signature="logOut()[pri:0, instance:testCases.Tc_02_Organization@595b007d]" started-at="2023-02-12T15:40:02 IST" name="logOut" finished-at="2023-02-12T15:40:05 IST" duration-ms="2715" status="PASS">
          <reporter-output>
          </reporter-output>
        </test-method> <!-- logOut -->
        <test-method is-config="true" signature="closeBroewser()[pri:0, instance:testCases.Tc_02_Organization@595b007d]" started-at="2023-02-12T15:40:05 IST" name="closeBroewser" finished-at="2023-02-12T15:40:05 IST" duration-ms="303" status="PASS">
          <reporter-output>
          </reporter-output>
        </test-method> <!-- closeBroewser -->
      </class> <!-- testCases.Tc_02_Organization -->
      <class name="testCases.TC_05">
        <test-method is-config="true" signature="launchBrowser()[pri:0, instance:testCases.TC_05@72d1ad2e]" started-at="2023-02-12T15:40:05 IST" name="launchBrowser" finished-at="2023-02-12T15:40:08 IST" duration-ms="3046" status="PASS">
          <reporter-output>
          </reporter-output>
        </test-method> <!-- launchBrowser -->
        <test-method is-config="true" signature="loginApp()[pri:0, instance:testCases.TC_05@72d1ad2e]" started-at="2023-02-12T15:40:08 IST" name="loginApp" finished-at="2023-02-12T15:40:12 IST" duration-ms="4302" status="PASS">
          <reporter-output>
          </reporter-output>
        </test-method> <!-- loginApp -->
        <test-method signature="selectOrgName()[pri:0, instance:testCases.TC_05@72d1ad2e]" started-at="2023-02-12T15:40:12 IST" name="selectOrgName" finished-at="2023-02-12T15:40:28 IST" duration-ms="15822" status="PASS">
          <reporter-output>
          </reporter-output>
        </test-method> <!-- selectOrgName -->
        <test-method is-config="true" signature="logOut()[pri:0, instance:testCases.TC_05@72d1ad2e]" started-at="2023-02-12T15:40:28 IST" name="logOut" finished-at="2023-02-12T15:40:31 IST" duration-ms="2514" status="PASS">
          <reporter-output>
          </reporter-output>
        </test-method> <!-- logOut -->
        <test-method is-config="true" signature="closeBroewser()[pri:0, instance:testCases.TC_05@72d1ad2e]" started-at="2023-02-12T15:40:31 IST" name="closeBroewser" finished-at="2023-02-12T15:40:31 IST" duration-ms="276" status="PASS">
          <reporter-output>
          </reporter-output>
        </test-method> <!-- closeBroewser -->
      </class> <!-- testCases.TC_05 -->
    </test> <!-- Test -->
  </suite> <!-- Suite -->
</testng-results>
